<?xml version="1.0" encoding="UTF-8"?>
<!-- Generated by org.testng.reporters.JUnitReportReporter -->
<testsuite skipped="0" hostname="DESKTOP-LRRMOES" name="packageDemoTestNG.Begin02" tests="1" failures="0" timestamp="06 Feb 2018 01:18:40 GMT" time="0.008" errors="0">
  <testcase name="demo3" time="0.008" classname="packageDemoTestNG.Begin02"/>
</testsuite> <!-- packageDemoTestNG.Begin02 -->
