<?xml version="1.0" encoding="UTF-8"?>
<!-- Generated by org.testng.reporters.JUnitReportReporter -->
<testsuite skipped="0" hostname="DESKTOP-LRRMOES" name="packageDemoTestNG.Begin06_DataDrive_PropertiesFile" tests="1" failures="0" timestamp="06 Feb 2018 00:21:02 GMT" time="5.434" errors="0">
  <testcase name="login" time="5.434" classname="packageDemoTestNG.Begin06_DataDrive_PropertiesFile"/>
</testsuite> <!-- packageDemoTestNG.Begin06_DataDrive_PropertiesFile -->
