<?xml version="1.0" encoding="UTF-8"?>
<!-- Generated by org.testng.reporters.JUnitReportReporter -->
<testsuite skipped="0" hostname="DESKTOP-LRRMOES" name="packageDemoTestNG.Begin03" tests="2" failures="0" timestamp="06 Feb 2018 01:18:40 GMT" time="0.017" errors="0">
  <testcase name="demo4" time="0.004" classname="packageDemoTestNG.Begin03"/>
  <testcase name="demo5" time="0.013" classname="packageDemoTestNG.Begin03"/>
</testsuite> <!-- packageDemoTestNG.Begin03 -->
