<?xml version="1.0" encoding="UTF-8"?>
<!-- Generated by org.testng.reporters.JUnitReportReporter -->
<testsuite skipped="1" hostname="DESKTOP-LRRMOES" name="packageDemoTestNG.Begin04" tests="7" failures="0" timestamp="06 Feb 2018 01:18:40 GMT" time="0.016" errors="0">
  <testcase name="webLoginCarLoan" time="0.003" classname="packageDemoTestNG.Begin04"/>
  <testcase name="webLoginCarLoan" time="0.001" classname="packageDemoTestNG.Begin04"/>
  <testcase name="apiFreshCarLoan" time="0.002" classname="packageDemoTestNG.Begin04"/>
  <testcase name="webLoginCarLoan" time="0.002" classname="packageDemoTestNG.Begin04"/>
  <testcase name="webLoginCarLoan" time="0.000" classname="packageDemoTestNG.Begin04"/>
  <testcase name="apiLoginCarLoan" time="0.008" classname="packageDemoTestNG.Begin04"/>
  <testcase name="webFreshCarLoan" classname="packageDemoTestNG.Begin04">
    <skipped/>
  </testcase> <!-- webFreshCarLoan -->
</testsuite> <!-- packageDemoTestNG.Begin04 -->
