<?xml version="1.0" encoding="UTF-8"?>
<!-- Generated by org.testng.reporters.JUnitReportReporter -->
<testsuite skipped="0" hostname="DESKTOP-LRRMOES" name="packageDemoTestNG.Begin01" tests="3" failures="0" timestamp="06 Feb 2018 01:18:40 GMT" time="5.234" errors="0">
  <testcase name="login" time="5.224" classname="packageDemoTestNG.Begin01"/>
  <testcase name="demo1" time="0.005" classname="packageDemoTestNG.Begin01"/>
  <testcase name="demo2" time="0.005" classname="packageDemoTestNG.Begin01"/>
</testsuite> <!-- packageDemoTestNG.Begin01 -->
